<?xml version="1.0" encoding="UTF-8"?>
<!-- Generated by org.testng.reporters.JUnitXMLReporter -->
<testsuite hostname="alok-PC" failures="0" tests="7" name="Test1" time="0.035" errors="0" timestamp="19 Sep 2022 11:23:23 GMT">
  <testcase classname="com.swaglab.test.AllProductPageTest" name="@BeforeSuite bSuite" time="0.0">
    <failure type="org.openqa.selenium.SessionNotCreatedException" message="Could not start a new session. Response code 500. Message: session not created: This version of ChromeDriver only supports Chrome version 96
Current browser version is 98.0.4758.102 with binary path C:\Program Files (x86)\Google\Chrome\Application\chrome.exe
Build info: version: &amp;apos;4.0.0&amp;apos;, revision: &amp;apos;3a21814679&amp;apos;
System info: host: &amp;apos;ALOK-PC&amp;apos;, ip: &amp;apos;192.168.1.4&amp;apos;, os.name: &amp;apos;Windows 10&amp;apos;, os.arch: &amp;apos;amd64&amp;apos;, os.version: &amp;apos;10.0&amp;apos;, java.version: &amp;apos;15.0.1&amp;apos;
Driver info: org.openqa.selenium.chrome.ChromeDriver
Command: [null, newSession {capabilities=[Capabilities {browserName: chrome, goog:chromeOptions: {args: [], extensions: []}}], desiredCapabilities=Capabilities {browserName: chrome, goog:chromeOptions: {args: [], extensions: []}}}]">
      <![CDATA[org.openqa.selenium.SessionNotCreatedException: Could not start a new session. Response code 500. Message: session not created: This version of ChromeDriver only supports Chrome version 96
Current browser version is 98.0.4758.102 with binary path C:\Program Files (x86)\Google\Chrome\Application\chrome.exe
Build info: version: '4.0.0', revision: '3a21814679'
System info: host: 'ALOK-PC', ip: '192.168.1.4', os.name: 'Windows 10', os.arch: 'amd64', os.version: '10.0', java.version: '15.0.1'
Driver info: org.openqa.selenium.chrome.ChromeDriver
Command: [null, newSession {capabilities=[Capabilities {browserName: chrome, goog:chromeOptions: {args: [], extensions: []}}], desiredCapabilities=Capabilities {browserName: chrome, goog:chromeOptions: {args: [], extensions: []}}}]
	at org.openqa.selenium.remote.ProtocolHandshake.createSession(ProtocolHandshake.java:126)
	at org.openqa.selenium.remote.ProtocolHandshake.createSession(ProtocolHandshake.java:84)
	at org.openqa.selenium.remote.ProtocolHandshake.createSession(ProtocolHandshake.java:62)
	at org.openqa.selenium.remote.HttpCommandExecutor.execute(HttpCommandExecutor.java:156)
	at org.openqa.selenium.remote.service.DriverCommandExecutor.invokeExecute(DriverCommandExecutor.java:164)
	at org.openqa.selenium.remote.service.DriverCommandExecutor.execute(DriverCommandExecutor.java:139)
	at org.openqa.selenium.remote.RemoteWebDriver.execute(RemoteWebDriver.java:559)
	at org.openqa.selenium.remote.RemoteWebDriver.startSession(RemoteWebDriver.java:246)
	at org.openqa.selenium.remote.RemoteWebDriver.<init>(RemoteWebDriver.java:168)
	at org.openqa.selenium.chromium.ChromiumDriver.<init>(ChromiumDriver.java:108)
	at org.openqa.selenium.chrome.ChromeDriver.<init>(ChromeDriver.java:104)
	at org.openqa.selenium.chrome.ChromeDriver.<init>(ChromeDriver.java:91)
	at org.openqa.selenium.chrome.ChromeDriver.<init>(ChromeDriver.java:46)
	at com.swaglab.base.SwaglabBase.initialisation(SwaglabBase.java:23)
	at com.swaglab.test.BaseTest.bSuite(BaseTest.java:16)
... Removed 18 stack frames]]>
    </failure>
  </testcase> <!-- @BeforeSuite bSuite -->
  <testcase classname="com.swaglab.test.AllProductPageTest" name="@BeforeClass setupForPage" time="0.0">
    <skipped/>
  </testcase> <!-- @BeforeClass setupForPage -->
  <testcase classname="com.swaglab.test.AllProductPageTest" name="@AfterClass closingTest" time="0.0">
    <skipped/>
  </testcase> <!-- @AfterClass closingTest -->
  <testcase classname="com.swaglab.test.AllProductPageTest" name="verifycheckMenuOptn" time="0.001">
    <skipped/>
  </testcase> <!-- verifycheckMenuOptn -->
  <testcase classname="com.swaglab.test.AllProductPageTest" name="verifyTitleofpage" time="0.001">
    <skipped/>
  </testcase> <!-- verifyTitleofpage -->
  <testcase classname="com.swaglab.test.AllProductPageTest" name="verifyclosingOfMenu" time="0.005">
    <skipped/>
  </testcase> <!-- verifyclosingOfMenu -->
  <testcase classname="com.swaglab.test.AllProductPageTest" name="verifyfilterOptionDilpayed" time="0.001">
    <skipped/>
  </testcase> <!-- verifyfilterOptionDilpayed -->
  <testcase classname="com.swaglab.test.AllProductPageTest" name="verifyimgOfProduct" time="0.002">
    <skipped/>
  </testcase> <!-- verifyimgOfProduct -->
  <testcase classname="com.swaglab.test.AllProductPageTest" name="verifynumberOfProducts" time="0.001">
    <skipped/>
  </testcase> <!-- verifynumberOfProducts -->
  <testcase classname="com.swaglab.test.AllProductPageTest" name="verifynavigatingToCartFromAllProdPage" time="0.0">
    <skipped/>
  </testcase> <!-- verifynavigatingToCartFromAllProdPage -->
</testsuite> <!-- Test1 -->
