<?xml version="1.0" encoding="UTF-8"?>
<!-- Generated by org.testng.reporters.JUnitXMLReporter -->
<testsuite hostname="alok-PC" failures="1" tests="2" name="Default test(failed)(failed)(failed)" time="16.862" errors="0" timestamp="29 Dec 2021 10:05:31 GMT">
  <testcase classname="com.swaglab.test.AllProductPageTest" name="verifyimgOfProduct" time="0.166"/>
  <testcase classname="com.swaglab.test.AllProductPageTest" name="verifyfilterOptionDilpayed" time="1.422">
    <failure type="java.lang.AssertionError" message="expected [true] but found [false]">
      <![CDATA[java.lang.AssertionError: expected [true] but found [false]
	at com.swaglab.test.AllProductPageTest.verifyfilterOptionDilpayed(AllProductPageTest.java:82)
... Removed 28 stack frames]]>
    </failure>
  </testcase> <!-- verifyfilterOptionDilpayed -->
</testsuite> <!-- Default test(failed)(failed)(failed) -->
